<?xml version="1.0" encoding="UTF-8"?>
<testng-results ignored="0" total="1" passed="1" failed="0" skipped="0">
  <reporter-output>
  </reporter-output>
  <suite started-at="2021-04-02T05:09:22 CEST" name="Default suite" finished-at="2021-04-02T05:09:30 CEST" duration-ms="8008">
    <groups>
    </groups>
    <test started-at="2021-04-02T05:09:22 CEST" name="Default test" finished-at="2021-04-02T05:09:30 CEST" duration-ms="8008">
      <class name="com.app.BankingProject.TestCases.AppTestCases">
        <test-method signature="verifyMavenTest()[pri:0, instance:com.app.BankingProject.TestCases.AppTestCases@46fa7c39]" started-at="2021-04-02T05:09:22 CEST" name="verifyMavenTest" finished-at="2021-04-02T05:09:30 CEST" duration-ms="7990" status="PASS">
          <reporter-output>
          </reporter-output>
        </test-method> <!-- verifyMavenTest -->
      </class> <!-- com.app.BankingProject.TestCases.AppTestCases -->
    </test> <!-- Default test -->
  </suite> <!-- Default suite -->
</testng-results>
